info: GET en /loggerTest - 17:42:47
info: GET en /loggerTest - 17:44:07
info: GET en /loggerTest - 17:54:24
info: GET en /loggerTest - 18:00:11
info: GET en /loggerTest - 18:00:50
info: GET en /loggerTest - 18:02:08
info: GET en /loggerTest - 18:02:21
info: GET en /loggerTest - 18:03:06
info: GET en /loggerTest - 18:03:11
info: GET en /loggerTest - 18:03:45
info: GET en /loggerTest - 18:07:11
info: GET en /loggerTest - 18:15:42
info: INFO
info: GET en /favicon.ico - 18:15:42
info: GET en /loggerTest - 18:16:24
info: INFO
info: GET en /favicon.ico - 18:16:33
info: GET en /loggerTest - 18:16:42
info: INFO
info: GET en /loggerTest - 18:16:51
info: INFO
info: GET en /loggerTest - 18:17:34
info: INFO
info: GET en /loggerTest - 18:18:21
info: INFO
info: GET en /loggerTest - 18:18:51
info: INFO
info: GET en /loggerTest - 18:19:43
info: GET en /loggerTest - 18:20:07
info: GET en /loggerTest - 18:25:50
info: GET en /favicon.ico - 18:25:50
info: GET en /loggerTest - 18:27:58
info: INFO
info: GET en /loggerTest - 18:53:38
info: INFO
info: GET en /sessions/login - 18:53:50
info: GET en /sessions/css/styles.css - 18:53:50
info: POST en /sessions/login - 18:54:17
info: GET en /product/realtimeproductsAdmin - 18:54:17
info: GET en /product/css/styles.css - 18:54:18
info: GET en /product/js/main.js - 18:54:18
info: GET en /sessions/logout - 18:54:25
info: GET en /sessions/login - 18:54:25
info: GET en /sessions/css/styles.css - 18:54:25
info: GET en /register/register - 18:54:26
info: GET en /register/css/styles.css - 18:54:27
info: POST en /register/register - 18:54:39
info: POST en /register/register - 19:01:43
info: POST en /register/register - 19:02:02
info: E11000 duplicate key error collection: test.users index: email_1 dup key: { email: "aa" }
info: GET en /sessions/login - 19:02:03
info: GET en /sessions/css/styles.css - 19:02:03
info: GET en /register/register - 19:02:46
info: GET en /register/css/styles.css - 19:02:46
info: POST en /register/register - 19:02:54
info: GET en /register/register - 19:03:59
info: GET en /register/css/styles.css - 19:03:59
info: POST en /register/register - 19:04:45
warning: E11000 duplicate key error collection: test.users index: email_1 dup key: { email: "aa" }
info: GET en /sessions/login - 19:04:45
info: GET en /sessions/css/styles.css - 19:04:46
info: GET en /register/register - 19:06:21
info: GET en /register/css/styles.css - 19:06:21
info: POST en /register/register - 19:06:25
info: GET en /register/register - 19:07:27
info: GET en /register/css/styles.css - 19:07:29
info: POST en /register/register - 19:07:32
info: GET en /register/register - 19:08:21
info: GET en /register/css/styles.css - 19:08:22
info: POST en /register/register - 19:08:24
info: POST en /register/register - 19:09:03
info: GET en /register/register - 19:09:09
info: GET en /register/css/styles.css - 19:09:09
info: POST en /register/register - 19:09:25
info: GET en /register/register - 19:09:52
info: GET en /register/css/styles.css - 19:09:52
info: POST en /register/register - 19:10:00
warning: E11000 duplicate key error collection: test.users index: email_1 dup key: { email: "aa" }
info: GET en /sessions/login - 19:10:01
info: GET en /sessions/css/styles.css - 19:10:01
info: GET en /register/register - 19:12:16
info: GET en /register/css/styles.css - 19:12:17
info: POST en /register/register - 19:12:22
info: GET en /register/register - 19:12:27
info: GET en /register/css/styles.css - 19:12:27
info: POST en /register/register - 19:12:34
warning: Usuario ya existe
info: GET en /sessions/login - 19:12:34
info: GET en /sessions/css/styles.css - 19:12:34
info: GET en /register/register - 19:18:30
info: GET en /register/css/styles.css - 19:18:30
info: POST en /register/register - 19:18:31
info: GET en /register/register - 19:25:44
info: GET en /register/css/styles.css - 19:25:44
info: POST en /register/register - 19:25:47
info: GET en /register/register - 19:26:22
info: GET en /register/css/styles.css - 19:26:22
info: POST en /register/register - 19:26:30
warning: E11000 duplicate key error collection: test.users index: email_1 dup key: { email: "aa" }
info: GET en /sessions/login - 19:26:31
info: GET en /sessions/css/styles.css - 19:26:31
info: GET en /register/register - 19:27:39
info: GET en /register/css/styles.css - 19:27:40
info: POST en /register/register - 19:27:49
warning: E11000 duplicate key error collection: test.users index: email_1 dup key: { email: "aa" }
info: GET en /sessions/login - 19:27:49
info: GET en /sessions/css/styles.css - 19:27:49
